

Started GET "/assets/rails.png" for 127.0.0.1 at 2012-11-04 10:43:04 +0200
Connecting to database specified by database.yml
Served asset /rails.png - 200 OK (45ms)


Started GET "/staticpages/home" for 127.0.0.1 at 2012-11-04 10:43:14 +0200

ActionController::RoutingError (No route matches [GET] "/staticpages/home"):
  actionpack (3.2.8) lib/action_dispatch/middleware/debug_exceptions.rb:21:in `call'
  actionpack (3.2.8) lib/action_dispatch/middleware/show_exceptions.rb:56:in `call'
  railties (3.2.8) lib/rails/rack/logger.rb:26:in `call_app'
  railties (3.2.8) lib/rails/rack/logger.rb:16:in `call'
  actionpack (3.2.8) lib/action_dispatch/middleware/request_id.rb:22:in `call'
  rack (1.4.1) lib/rack/methodoverride.rb:21:in `call'
  rack (1.4.1) lib/rack/runtime.rb:17:in `call'
  activesupport (3.2.8) lib/active_support/cache/strategy/local_cache.rb:72:in `call'
  rack (1.4.1) lib/rack/lock.rb:15:in `call'
  actionpack (3.2.8) lib/action_dispatch/middleware/static.rb:62:in `call'
  railties (3.2.8) lib/rails/engine.rb:479:in `call'
  railties (3.2.8) lib/rails/application.rb:223:in `call'
  rack (1.4.1) lib/rack/content_length.rb:14:in `call'
  railties (3.2.8) lib/rails/rack/log_tailer.rb:17:in `call'
  rack (1.4.1) lib/rack/handler/webrick.rb:59:in `service'
  C:/RubyStack3.2/ruby/lib/ruby/1.9.1/webrick/httpserver.rb:138:in `service'
  C:/RubyStack3.2/ruby/lib/ruby/1.9.1/webrick/httpserver.rb:94:in `run'
  C:/RubyStack3.2/ruby/lib/ruby/1.9.1/webrick/server.rb:191:in `block in start_thread'


  Rendered C:/RubyStack3.2/ruby/lib/ruby/gems/1.9.1/gems/actionpack-3.2.8/lib/action_dispatch/middleware/templates/rescues/routing_error.erb within rescues/layout (91.0ms)


Started GET "/static_pages/home" for 127.0.0.1 at 2012-11-04 10:43:52 +0200

SyntaxError (C:/RubyStack3.2/projects/impressbox/app/controllers/static_pages_controller.rb:10: syntax error, unexpected $end, expecting keyword_end):
  activesupport (3.2.8) lib/active_support/dependencies.rb:469:in `load'
  activesupport (3.2.8) lib/active_support/dependencies.rb:469:in `block in load_file'
  activesupport (3.2.8) lib/active_support/dependencies.rb:639:in `new_constants_in'
  activesupport (3.2.8) lib/active_support/dependencies.rb:468:in `load_file'
  activesupport (3.2.8) lib/active_support/dependencies.rb:353:in `require_or_load'
  activesupport (3.2.8) lib/active_support/dependencies.rb:502:in `load_missing_constant'
  activesupport (3.2.8) lib/active_support/dependencies.rb:192:in `block in const_missing'
  activesupport (3.2.8) lib/active_support/dependencies.rb:190:in `each'
  activesupport (3.2.8) lib/active_support/dependencies.rb:190:in `const_missing'
  activesupport (3.2.8) lib/active_support/inflector/methods.rb:230:in `block in constantize'
  activesupport (3.2.8) lib/active_support/inflector/methods.rb:229:in `each'
  activesupport (3.2.8) lib/active_support/inflector/methods.rb:229:in `constantize'
  activesupport (3.2.8) lib/active_support/dependencies.rb:554:in `get'
  actionpack (3.2.8) lib/action_dispatch/routing/route_set.rb:69:in `controller_reference'
  actionpack (3.2.8) lib/action_dispatch/routing/route_set.rb:54:in `controller'
  actionpack (3.2.8) lib/action_dispatch/routing/route_set.rb:32:in `call'
  journey (1.0.4) lib/journey/router.rb:68:in `block in call'
  journey (1.0.4) lib/journey/router.rb:56:in `each'
  journey (1.0.4) lib/journey/router.rb:56:in `call'
  actionpack (3.2.8) lib/action_dispatch/routing/route_set.rb:600:in `call'
  actionpack (3.2.8) lib/action_dispatch/middleware/best_standards_support.rb:17:in `call'
  rack (1.4.1) lib/rack/etag.rb:23:in `call'
  rack (1.4.1) lib/rack/conditionalget.rb:25:in `call'
  actionpack (3.2.8) lib/action_dispatch/middleware/head.rb:14:in `call'
  actionpack (3.2.8) lib/action_dispatch/middleware/params_parser.rb:21:in `call'
  actionpack (3.2.8) lib/action_dispatch/middleware/flash.rb:242:in `call'
  rack (1.4.1) lib/rack/session/abstract/id.rb:205:in `context'
  rack (1.4.1) lib/rack/session/abstract/id.rb:200:in `call'
  actionpack (3.2.8) lib/action_dispatch/middleware/cookies.rb:339:in `call'
  activerecord (3.2.8) lib/active_record/query_cache.rb:64:in `call'
  activerecord (3.2.8) lib/active_record/connection_adapters/abstract/connection_pool.rb:473:in `call'
  actionpack (3.2.8) lib/action_dispatch/middleware/callbacks.rb:28:in `block in call'
  activesupport (3.2.8) lib/active_support/callbacks.rb:405:in `_run__460883159__call__149314702__callbacks'
  activesupport (3.2.8) lib/active_support/callbacks.rb:405:in `__run_callback'
  activesupport (3.2.8) lib/active_support/callbacks.rb:385:in `_run_call_callbacks'
  activesupport (3.2.8) lib/active_support/callbacks.rb:81:in `run_callbacks'
  actionpack (3.2.8) lib/action_dispatch/middleware/callbacks.rb:27:in `call'
  actionpack (3.2.8) lib/action_dispatch/middleware/reloader.rb:65:in `call'
  actionpack (3.2.8) lib/action_dispatch/middleware/remote_ip.rb:31:in `call'
  actionpack (3.2.8) lib/action_dispatch/middleware/debug_exceptions.rb:16:in `call'
  actionpack (3.2.8) lib/action_dispatch/middleware/show_exceptions.rb:56:in `call'
  railties (3.2.8) lib/rails/rack/logger.rb:26:in `call_app'
  railties (3.2.8) lib/rails/rack/logger.rb:16:in `call'
  actionpack (3.2.8) lib/action_dispatch/middleware/request_id.rb:22:in `call'
  rack (1.4.1) lib/rack/methodoverride.rb:21:in `call'
  rack (1.4.1) lib/rack/runtime.rb:17:in `call'
  activesupport (3.2.8) lib/active_support/cache/strategy/local_cache.rb:72:in `call'
  rack (1.4.1) lib/rack/lock.rb:15:in `call'
  actionpack (3.2.8) lib/action_dispatch/middleware/static.rb:62:in `call'
  railties (3.2.8) lib/rails/engine.rb:479:in `call'
  railties (3.2.8) lib/rails/application.rb:223:in `call'
  rack (1.4.1) lib/rack/content_length.rb:14:in `call'
  railties (3.2.8) lib/rails/rack/log_tailer.rb:17:in `call'
  rack (1.4.1) lib/rack/handler/webrick.rb:59:in `service'
  C:/RubyStack3.2/ruby/lib/ruby/1.9.1/webrick/httpserver.rb:138:in `service'
  C:/RubyStack3.2/ruby/lib/ruby/1.9.1/webrick/httpserver.rb:94:in `run'
  C:/RubyStack3.2/ruby/lib/ruby/1.9.1/webrick/server.rb:191:in `block in start_thread'


  Rendered C:/RubyStack3.2/ruby/lib/ruby/gems/1.9.1/gems/actionpack-3.2.8/lib/action_dispatch/middleware/templates/rescues/_trace.erb (4.0ms)
  Rendered C:/RubyStack3.2/ruby/lib/ruby/gems/1.9.1/gems/actionpack-3.2.8/lib/action_dispatch/middleware/templates/rescues/_request_and_response.erb (67.0ms)
  Rendered C:/RubyStack3.2/ruby/lib/ruby/gems/1.9.1/gems/actionpack-3.2.8/lib/action_dispatch/middleware/templates/rescues/diagnostics.erb within rescues/layout (173.0ms)


Started GET "/static_pages/home" for 127.0.0.1 at 2012-11-04 10:45:00 +0200
Processing by StaticPagesController#home as HTML
  Rendered static_pages/home.html.erb within layouts/application (1.0ms)
Compiled static_pages.css  (96ms)  (pid 6168)
Compiled application.css  (130ms)  (pid 6168)
Compiled jquery.js  (6ms)  (pid 6168)
Compiled jquery_ujs.js  (1ms)  (pid 6168)
Compiled static_pages.js  (449ms)  (pid 6168)
Compiled application.js  (646ms)  (pid 6168)
Completed 200 OK in 1042ms (Views: 1041.1ms | ActiveRecord: 0.0ms)


Started GET "/assets/application.css?body=1" for 127.0.0.1 at 2012-11-04 10:45:01 +0200
Served asset /application.css - 200 OK (38ms)


Started GET "/assets/application.js?body=1" for 127.0.0.1 at 2012-11-04 10:45:01 +0200
Served asset /application.js - 200 OK (96ms)


Started GET "/assets/static_pages.css?body=1" for 127.0.0.1 at 2012-11-04 10:45:01 +0200
Served asset /static_pages.css - 200 OK (4ms)


Started GET "/assets/jquery.js?body=1" for 127.0.0.1 at 2012-11-04 10:45:01 +0200
Served asset /jquery.js - 200 OK (93ms)


Started GET "/assets/jquery_ujs.js?body=1" for 127.0.0.1 at 2012-11-04 10:45:01 +0200
Served asset /jquery_ujs.js - 200 OK (11ms)


Started GET "/assets/static_pages.js?body=1" for 127.0.0.1 at 2012-11-04 10:45:02 +0200
Served asset /static_pages.js - 200 OK (4ms)
Connecting to database specified by database.yml


Started GET "/assets/rails.png" for 127.0.0.1 at 2012-11-04 11:41:17 +0200
Connecting to database specified by database.yml
Served asset /rails.png - 200 OK (3ms)


Started GET "/static_pages/home" for 127.0.0.1 at 2012-11-04 11:41:21 +0200
Processing by StaticPagesController#home as HTML
  Rendered static_pages/home.html.erb within layouts/application (57.0ms)
Compiled static_pages.css  (68ms)  (pid 8472)
Compiled application.css  (2ms)  (pid 8472)
Compiled static_pages.js  (280ms)  (pid 8472)
Compiled application.js  (8ms)  (pid 8472)
Completed 200 OK in 940ms (Views: 940.1ms | ActiveRecord: 0.0ms)


Started GET "/assets/application.css?body=1" for 127.0.0.1 at 2012-11-04 11:41:22 +0200
Served asset /application.css - 304 Not Modified (9ms)


Started GET "/assets/static_pages.css?body=1" for 127.0.0.1 at 2012-11-04 11:41:23 +0200
Served asset /static_pages.css - 304 Not Modified (3ms)


Started GET "/assets/jquery.js?body=1" for 127.0.0.1 at 2012-11-04 11:41:23 +0200
Served asset /jquery.js - 304 Not Modified (86ms)


Started GET "/assets/jquery_ujs.js?body=1" for 127.0.0.1 at 2012-11-04 11:41:23 +0200
Served asset /jquery_ujs.js - 304 Not Modified (94ms)


Started GET "/assets/static_pages.js?body=1" for 127.0.0.1 at 2012-11-04 11:41:23 +0200
Served asset /static_pages.js - 304 Not Modified (9ms)


Started GET "/assets/application.js?body=1" for 127.0.0.1 at 2012-11-04 11:41:23 +0200
Served asset /application.js - 304 Not Modified (101ms)


Started GET "/static_pages/about" for 127.0.0.1 at 2012-11-05 21:28:45 +0200
Connecting to database specified by database.yml

ActionController::RoutingError (No route matches [GET] "/static_pages/about"):
  actionpack (3.2.8) lib/action_dispatch/middleware/debug_exceptions.rb:21:in `call'
  actionpack (3.2.8) lib/action_dispatch/middleware/show_exceptions.rb:56:in `call'
  railties (3.2.8) lib/rails/rack/logger.rb:26:in `call_app'
  railties (3.2.8) lib/rails/rack/logger.rb:16:in `call'
  actionpack (3.2.8) lib/action_dispatch/middleware/request_id.rb:22:in `call'
  rack (1.4.1) lib/rack/methodoverride.rb:21:in `call'
  rack (1.4.1) lib/rack/runtime.rb:17:in `call'
  activesupport (3.2.8) lib/active_support/cache/strategy/local_cache.rb:72:in `call'
  rack (1.4.1) lib/rack/lock.rb:15:in `call'
  actionpack (3.2.8) lib/action_dispatch/middleware/static.rb:62:in `call'
  railties (3.2.8) lib/rails/engine.rb:479:in `call'
  railties (3.2.8) lib/rails/application.rb:223:in `call'
  rack (1.4.1) lib/rack/content_length.rb:14:in `call'
  railties (3.2.8) lib/rails/rack/log_tailer.rb:17:in `call'
  rack (1.4.1) lib/rack/handler/webrick.rb:59:in `service'
  C:/RubyStack3.2/ruby/lib/ruby/1.9.1/webrick/httpserver.rb:138:in `service'
  C:/RubyStack3.2/ruby/lib/ruby/1.9.1/webrick/httpserver.rb:94:in `run'
  C:/RubyStack3.2/ruby/lib/ruby/1.9.1/webrick/server.rb:191:in `block in start_thread'


  Rendered C:/RubyStack3.2/ruby/lib/ruby/gems/1.9.1/gems/actionpack-3.2.8/lib/action_dispatch/middleware/templates/rescues/routing_error.erb within rescues/layout (52.0ms)


Started GET "/static_pages/about" for 127.0.0.1 at 2012-11-05 21:30:15 +0200
Connecting to database specified by database.yml
Processing by StaticPagesController#about as HTML
  Rendered static_pages/about.html.erb within layouts/application (52.0ms)
Completed 200 OK in 484ms (Views: 483.0ms | ActiveRecord: 0.0ms)


Started GET "/assets/application.css?body=1" for 127.0.0.1 at 2012-11-05 21:30:20 +0200
Served asset /application.css - 304 Not Modified (39ms)


Started GET "/assets/jquery.js?body=1" for 127.0.0.1 at 2012-11-05 21:30:20 +0200
Served asset /jquery.js - 304 Not Modified (98ms)


Started GET "/assets/static_pages.css?body=1" for 127.0.0.1 at 2012-11-05 21:30:20 +0200
Served asset /static_pages.css - 304 Not Modified (4ms)


Started GET "/assets/jquery_ujs.js?body=1" for 127.0.0.1 at 2012-11-05 21:30:20 +0200
Served asset /jquery_ujs.js - 304 Not Modified (40ms)


Started GET "/assets/static_pages.js?body=1" for 127.0.0.1 at 2012-11-05 21:30:20 +0200
Served asset /static_pages.js - 304 Not Modified (4ms)


Started GET "/assets/application.js?body=1" for 127.0.0.1 at 2012-11-05 21:30:20 +0200
Served asset /application.js - 304 Not Modified (123ms)


Started GET "/static_pages/about" for 127.0.0.1 at 2012-11-06 23:10:53 +0200
Connecting to database specified by database.yml
Processing by StaticPagesController#about as HTML
  Rendered static_pages/about.html.erb within layouts/application (57.0ms)
Completed 200 OK in 529ms (Views: 528.0ms | ActiveRecord: 0.0ms)


Started GET "/static_pages/%D1%80%D1%89%D1%8C%D1%83" for 127.0.0.1 at 2012-11-06 23:10:58 +0200

ActionController::RoutingError (No route matches [GET] "/static_pages/%D1%80%D1%89%D1%8C%D1%83"):
  actionpack (3.2.8) lib/action_dispatch/middleware/debug_exceptions.rb:21:in `call'
  actionpack (3.2.8) lib/action_dispatch/middleware/show_exceptions.rb:56:in `call'
  railties (3.2.8) lib/rails/rack/logger.rb:26:in `call_app'
  railties (3.2.8) lib/rails/rack/logger.rb:16:in `call'
  actionpack (3.2.8) lib/action_dispatch/middleware/request_id.rb:22:in `call'
  rack (1.4.1) lib/rack/methodoverride.rb:21:in `call'
  rack (1.4.1) lib/rack/runtime.rb:17:in `call'
  activesupport (3.2.8) lib/active_support/cache/strategy/local_cache.rb:72:in `call'
  rack (1.4.1) lib/rack/lock.rb:15:in `call'
  actionpack (3.2.8) lib/action_dispatch/middleware/static.rb:62:in `call'
  railties (3.2.8) lib/rails/engine.rb:479:in `call'
  railties (3.2.8) lib/rails/application.rb:223:in `call'
  rack (1.4.1) lib/rack/content_length.rb:14:in `call'
  railties (3.2.8) lib/rails/rack/log_tailer.rb:17:in `call'
  rack (1.4.1) lib/rack/handler/webrick.rb:59:in `service'
  C:/RubyStack3.2/ruby/lib/ruby/1.9.1/webrick/httpserver.rb:138:in `service'
  C:/RubyStack3.2/ruby/lib/ruby/1.9.1/webrick/httpserver.rb:94:in `run'
  C:/RubyStack3.2/ruby/lib/ruby/1.9.1/webrick/server.rb:191:in `block in start_thread'


  Rendered C:/RubyStack3.2/ruby/lib/ruby/gems/1.9.1/gems/actionpack-3.2.8/lib/action_dispatch/middleware/templates/rescues/routing_error.erb within rescues/layout (1.0ms)


Started GET "/static_pages/home" for 127.0.0.1 at 2012-11-06 23:10:58 +0200
Processing by StaticPagesController#home as HTML
  Rendered static_pages/home.html.erb within layouts/application (0.0ms)
Completed 200 OK in 15ms (Views: 15.0ms | ActiveRecord: 0.0ms)


Started GET "/assets/application.css?body=1" for 127.0.0.1 at 2012-11-06 23:10:58 +0200
Served asset /application.css - 200 OK (7ms)


Started GET "/assets/static_pages.css?body=1" for 127.0.0.1 at 2012-11-06 23:10:58 +0200
Served asset /static_pages.css - 200 OK (5ms)


Started GET "/assets/jquery.js?body=1" for 127.0.0.1 at 2012-11-06 23:10:58 +0200
Served asset /jquery.js - 200 OK (121ms)


Started GET "/assets/jquery_ujs.js?body=1" for 127.0.0.1 at 2012-11-06 23:10:58 +0200
Served asset /jquery_ujs.js - 200 OK (38ms)


Started GET "/assets/static_pages.js?body=1" for 127.0.0.1 at 2012-11-06 23:10:58 +0200
Served asset /static_pages.js - 200 OK (3ms)


Started GET "/assets/application.js?body=1" for 127.0.0.1 at 2012-11-06 23:10:58 +0200
Served asset /application.js - 200 OK (123ms)


Started GET "/static_pages/about" for 127.0.0.1 at 2012-11-06 23:12:56 +0200
Processing by StaticPagesController#about as HTML
  Rendered static_pages/about.html.erb within layouts/application (1.0ms)
Completed 200 OK in 24ms (Views: 24.0ms | ActiveRecord: 0.0ms)


Started GET "/static_pages/home" for 127.0.0.1 at 2012-11-07 23:07:15 +0200
Connecting to database specified by database.yml
Processing by StaticPagesController#home as HTML
  Rendered static_pages/home.html.erb within layouts/application (44.0ms)
Compiled custom.css  (35ms)  (pid 6812)
Compiled application.css  (75ms)  (pid 6812)
Completed 200 OK in 537ms (Views: 537.0ms | ActiveRecord: 0.0ms)


Started GET "/assets/application.css?body=1" for 127.0.0.1 at 2012-11-07 23:07:20 +0200
Served asset /application.css - 304 Not Modified (52ms)


Started GET "/assets/custom.css?body=1" for 127.0.0.1 at 2012-11-07 23:07:20 +0200
Served asset /custom.css - 200 OK (6ms)


Started GET "/assets/static_pages.css?body=1" for 127.0.0.1 at 2012-11-07 23:07:20 +0200
Served asset /static_pages.css - 304 Not Modified (3ms)


Started GET "/assets/jquery.js?body=1" for 127.0.0.1 at 2012-11-07 23:07:20 +0200
Served asset /jquery.js - 304 Not Modified (99ms)


Started GET "/assets/jquery_ujs.js?body=1" for 127.0.0.1 at 2012-11-07 23:07:20 +0200
Served asset /jquery_ujs.js - 304 Not Modified (6ms)


Started GET "/assets/static_pages.js?body=1" for 127.0.0.1 at 2012-11-07 23:07:20 +0200
Served asset /static_pages.js - 304 Not Modified (2ms)


Started GET "/assets/application.js?body=1" for 127.0.0.1 at 2012-11-07 23:07:20 +0200
Served asset /application.js - 304 Not Modified (93ms)


Started GET "/static_pages/home" for 127.0.0.1 at 2012-11-07 23:25:50 +0200
Processing by StaticPagesController#home as HTML
  Rendered static_pages/home.html.erb within layouts/application (0.0ms)
Compiled home.css  (9ms)  (pid 6812)
Completed 200 OK in 147ms (Views: 147.0ms | ActiveRecord: 0.0ms)


Started GET "/assets/home.css?body=1" for 127.0.0.1 at 2012-11-07 23:25:51 +0200
Served asset /home.css - 200 OK (5ms)


Started GET "/assets/jquery.js?body=1" for 127.0.0.1 at 2012-11-07 23:25:51 +0200
Served asset /jquery.js - 304 Not Modified (0ms)


Started GET "/assets/application.js?body=1" for 127.0.0.1 at 2012-11-07 23:25:51 +0200
Served asset /application.js - 304 Not Modified (7ms)


Started GET "/assets/jquery_ujs.js?body=1" for 127.0.0.1 at 2012-11-07 23:25:51 +0200
Served asset /jquery_ujs.js - 304 Not Modified (0ms)


Started GET "/assets/static_pages.js?body=1" for 127.0.0.1 at 2012-11-07 23:25:51 +0200
Served asset /static_pages.js - 304 Not Modified (16ms)
